<?xml version="1.0" encoding="UTF-8"?>
<!-- Generated by org.testng.reporters.JUnitXMLReporter -->
<testsuite ignored="0" hostname="DESKTOP-VLILFCN" failures="2" tests="2" name="Test" time="0.629" errors="0" timestamp="2023-02-08T15:52:31 IST">
  <testcase classname="tests.Tests" name="verify_Team_Has_Only_4_Foreign_players" time="0.512">
    <failure type="java.lang.AssertionError" message="expected [true] but found [false]">
      <![CDATA[java.lang.AssertionError: expected [true] but found [false]
at tests.Tests.verify_Team_Has_Only_4_Foreign_players(Tests.java:70)
at java.base/java.util.ArrayList.forEach(ArrayList.java:1541)
... Removed 31 stack frames]]>
    </failure>
  </testcase> <!-- verify_Team_Has_Only_4_Foreign_players -->
  <testcase classname="tests.Tests" name="verify_Team_has_atleast_1_wicket_keeper" time="0.018">
    <failure type="java.lang.AssertionError" message="expected [true] but found [false]">
      <![CDATA[java.lang.AssertionError: expected [true] but found [false]
at tests.Tests.verify_Team_has_atleast_1_wicket_keeper(Tests.java:89)
at java.base/java.util.ArrayList.forEach(ArrayList.java:1541)
... Removed 31 stack frames]]>
    </failure>
  </testcase> <!-- verify_Team_has_atleast_1_wicket_keeper -->
</testsuite> <!-- Test -->
